<!DOCTYPE html PUBLIC "-//W3C//DTD XHTML 1.1//EN" "https://www.w3.org/TR/xhtml11/DTD/xhtml11.dtd">
<html xmlns="https://www.w3.org/1999/xhtml">
<head>
<meta http-equiv="content-type" content="text/html; charset=UTF-8"/>
<title>TestNG Report</title>
<style type="text/css">table {margin-bottom:10px;border-collapse:collapse;empty-cells:show}th,td {border:1px solid #009;padding:.25em .5em}th {vertical-align:bottom}td {vertical-align:top}table a {font-weight:bold}.stripe td {background-color: #E6EBF9}.num {text-align:right}.passedodd td {background-color: #3F3}.passedeven td {background-color: #0A0}.skippedodd td {background-color: #DDD}.skippedeven td {background-color: #CCC}.failedodd td,.attn {background-color: #F33}.failedeven td,.stripe .attn {background-color: #D00}.stacktrace {white-space:pre;font-family:monospace}.totop {font-size:85%;text-align:center;border-bottom:2px solid #000}.invisible {display:none}</style>
</head>
<body>
<table>
<tr><th>Test</th><th># Passed</th><th># Skipped</th><th># Retried</th><th># Failed</th><th>Time (ms)</th><th>Included Groups</th><th>Excluded Groups</th></tr>
<tr><th colspan="8">Surefire suite</th></tr>
<tr><td><a href="#t0">Surefire test</a></td><td class="num">9</td><td class="num">0</td><td class="num">0</td><td class="num attn">2</td><td class="num">87,572</td><td></td><td></td></tr>
</table>
<table id='summary'><thead><tr><th>Class</th><th>Method</th><th>Start</th><th>Time (ms)</th></tr></thead><tbody><tr><th colspan="4">Surefire suite</th></tr></tbody><tbody id="t0"><tr><th colspan="4">Surefire test &#8212; failed</th></tr><tr class="failedeven"><td rowspan="2">bc_demo.Test_MySQL_Database_Testing</td><td><a href="#m0">test_retrive_data</a></td><td rowspan="1">1741736378180</td><td rowspan="1">702</td></tr><tr class="failedeven"><td><a href="#m1">test_updateSql</a></td><td rowspan="1">1741736378892</td><td rowspan="1">88</td></tr><tr><th colspan="4">Surefire test &#8212; passed</th></tr><tr class="passedeven"><td rowspan="1">bc_demo.Test_001_LunchBrowers</td><td><a href="#m2">test_lunch_facebook</a></td><td rowspan="1">1741736356369</td><td rowspan="1">6832</td></tr><tr class="passedodd"><td rowspan="2">bc_demo.Test_002_Maximize</td><td><a href="#m3">test_lunch_amazon</a></td><td rowspan="1">1741736363252</td><td rowspan="1">4006</td></tr><tr class="passedodd"><td><a href="#m4">test_lunch_walmart</a></td><td rowspan="1">1741736367260</td><td rowspan="1">7108</td></tr><tr class="passedeven"><td rowspan="1">bc_demo.Test_003_Subi</td><td><a href="#m5">test_lunch_amazon</a></td><td rowspan="1">1741736374373</td><td rowspan="1">3805</td></tr><tr class="passedodd"><td rowspan="3">selenium_webdriver.Test_001_Lunch_Diffrent_Browser</td><td><a href="#m6">test_lunch_chrome</a></td><td rowspan="1">1741736378984</td><td rowspan="1">10443</td></tr><tr class="passedodd"><td><a href="#m7">test_lunch_firefox</a></td><td rowspan="1">1741736389430</td><td rowspan="1">16082</td></tr><tr class="passedodd"><td><a href="#m8">test_lunch_msedge</a></td><td rowspan="1">1741736405514</td><td rowspan="1">12678</td></tr><tr class="passedeven"><td rowspan="1">selenium_webdriver.Test_002_SendKeys_Click</td><td><a href="#m9">test_enter_click</a></td><td rowspan="1">1741736418194</td><td rowspan="1">15005</td></tr><tr class="passedodd"><td rowspan="1">selenium_webdriver.Test_003_DropDown</td><td><a href="#m10">test_enter_select_dropdown</a></td><td rowspan="1">1741736433202</td><td rowspan="1">10696</td></tr></tbody>
</table>
<h2>Surefire test</h2><h3 id="m0">bc_demo.Test_MySQL_Database_Testing#test_retrive_data</h3><table class="result"><tr><th>Exception</th></tr><tr><td><div class="stacktrace">java.lang.AssertionError: expected [Cavin] but found [Subi C]
	at bc_demo.Test_MySQL_Database_Testing.test_retrive_data(Test_MySQL_Database_Testing.java:38)
	at java.base/java.util.ArrayList.forEach(ArrayList.java:1596)
... Removed 36 stack frames</div></td></tr></table><p class="totop"><a href="#summary">back to summary</a></p>
<h3 id="m1">bc_demo.Test_MySQL_Database_Testing#test_updateSql</h3><table class="result"><tr><th>Exception</th></tr><tr><td><div class="stacktrace">java.sql.SQLIntegrityConstraintViolationException: Duplicate entry &apos;100&apos; for key &apos;adventemp.PRIMARY&apos;
	at com.mysql.cj.jdbc.exceptions.SQLError.createSQLException(SQLError.java:117)
	at com.mysql.cj.jdbc.exceptions.SQLError.createSQLException(SQLError.java:97)
	at com.mysql.cj.jdbc.exceptions.SQLExceptionsMapping.translateException(SQLExceptionsMapping.java:122)
	at com.mysql.cj.jdbc.ClientPreparedStatement.executeInternal(ClientPreparedStatement.java:953)
	at com.mysql.cj.jdbc.ClientPreparedStatement.executeUpdateInternal(ClientPreparedStatement.java:1092)
	at com.mysql.cj.jdbc.ClientPreparedStatement.executeUpdateInternal(ClientPreparedStatement.java:1040)
	at com.mysql.cj.jdbc.ClientPreparedStatement.executeLargeUpdate(ClientPreparedStatement.java:1347)
	at bc_demo.Test_MySQL_Database_Testing.test_updateSql(Test_MySQL_Database_Testing.java:63)
	at java.base/java.util.ArrayList.forEach(ArrayList.java:1596)
... Removed 30 stack frames</div></td></tr></table><p class="totop"><a href="#summary">back to summary</a></p>
<h3 id="m2">bc_demo.Test_001_LunchBrowers#test_lunch_facebook</h3><table class="result"><tr><th class="invisible"/></tr></table><p class="totop"><a href="#summary">back to summary</a></p>
<h3 id="m3">bc_demo.Test_002_Maximize#test_lunch_amazon</h3><table class="result"><tr><th class="invisible"/></tr></table><p class="totop"><a href="#summary">back to summary</a></p>
<h3 id="m4">bc_demo.Test_002_Maximize#test_lunch_walmart</h3><table class="result"><tr><th class="invisible"/></tr></table><p class="totop"><a href="#summary">back to summary</a></p>
<h3 id="m5">bc_demo.Test_003_Subi#test_lunch_amazon</h3><table class="result"><tr><th class="invisible"/></tr></table><p class="totop"><a href="#summary">back to summary</a></p>
<h3 id="m6">selenium_webdriver.Test_001_Lunch_Diffrent_Browser#test_lunch_chrome</h3><table class="result"><tr><th class="invisible"/></tr></table><p class="totop"><a href="#summary">back to summary</a></p>
<h3 id="m7">selenium_webdriver.Test_001_Lunch_Diffrent_Browser#test_lunch_firefox</h3><table class="result"><tr><th class="invisible"/></tr></table><p class="totop"><a href="#summary">back to summary</a></p>
<h3 id="m8">selenium_webdriver.Test_001_Lunch_Diffrent_Browser#test_lunch_msedge</h3><table class="result"><tr><th class="invisible"/></tr></table><p class="totop"><a href="#summary">back to summary</a></p>
<h3 id="m9">selenium_webdriver.Test_002_SendKeys_Click#test_enter_click</h3><table class="result"><tr><th class="invisible"/></tr></table><p class="totop"><a href="#summary">back to summary</a></p>
<h3 id="m10">selenium_webdriver.Test_003_DropDown#test_enter_select_dropdown</h3><table class="result"><tr><th class="invisible"/></tr></table><p class="totop"><a href="#summary">back to summary</a></p>
</body>
</html>
